[debug] [2020-01-25T17:31:31.894Z] ----------------------------------------------------------------------
[debug] [2020-01-25T17:31:31.895Z] Command:       /usr/local/bin/node /usr/local/bin/firebase deploy --only functions
[debug] [2020-01-25T17:31:31.895Z] CLI Version:   7.11.0
[debug] [2020-01-25T17:31:31.895Z] Platform:      darwin
[debug] [2020-01-25T17:31:31.896Z] Node Version:  v12.14.0
[debug] [2020-01-25T17:31:31.896Z] Time:          Sat Jan 25 2020 12:31:31 GMT-0500 (Eastern Standard Time)
[debug] [2020-01-25T17:31:31.896Z] ----------------------------------------------------------------------
[debug] [2020-01-25T17:31:31.896Z] 
[debug] [2020-01-25T17:31:31.906Z] > command requires scopes: ["email","openid","https://www.googleapis.com/auth/cloudplatformprojects.readonly","https://www.googleapis.com/auth/firebase","https://www.googleapis.com/auth/cloud-platform"]
[debug] [2020-01-25T17:31:31.906Z] > authorizing via signed-in user
[debug] [2020-01-25T17:31:31.906Z] [iam] checking project venturesome-f6c40 for permissions ["cloudfunctions.functions.create","cloudfunctions.functions.delete","cloudfunctions.functions.get","cloudfunctions.functions.list","cloudfunctions.functions.update","cloudfunctions.operations.get","firebase.projects.get"]
[debug] [2020-01-25T17:31:31.907Z] >>> HTTP REQUEST POST https://cloudresourcemanager.googleapis.com/v1/projects/venturesome-f6c40:testIamPermissions  

[debug] [2020-01-25T17:31:32.276Z] <<< HTTP RESPONSE 200
[info] 
[info] === Deploying to 'venturesome-f6c40'...
[info] 
[info] i  deploying functions
[debug] [2020-01-25T17:31:33.914Z] > [functions] package.json contents: {
  "name": "functions",
  "description": "Cloud Functions for Firebase",
  "scripts": {
    "serve": "firebase serve --only functions",
    "shell": "firebase functions:shell",
    "start": "functions-framework",
    "deploy": "firebase deploy --only functions",
    "logs": "firebase functions:log"
  },
  "engines": {
    "node": "8"
  },
  "dependencies": {
    "@google-cloud/functions-framework": "^1.3.2",
    "@sendgrid/mail": "^6.5.0",
    "@slack/web-api": "^5.6.0",
    "axios": "^0.19.1",
    "dotenv": "^8.2.0",
    "firebase": "^7.6.0",
    "firebase-admin": "^8.6.0",
    "firebase-functions": "^3.3.0",
    "googleapis": "^39.2.0",
    "graphql-request": "^1.8.2",
    "request": "^2.88.0",
    "request-promise": "^4.2.5"
  },
  "devDependencies": {
    "firebase-functions-test": "^0.1.6"
  },
  "private": true
}
[info] i  functions: ensuring necessary APIs are enabled...
[debug] [2020-01-25T17:31:33.915Z] >>> HTTP REQUEST GET https://serviceusage.googleapis.com/v1/projects/venturesome-f6c40/services/cloudfunctions.googleapis.com  
 
[debug] [2020-01-25T17:31:33.915Z] >>> HTTP REQUEST GET https://serviceusage.googleapis.com/v1/projects/venturesome-f6c40/services/runtimeconfig.googleapis.com  
 
[debug] [2020-01-25T17:31:34.398Z] <<< HTTP RESPONSE 200
[debug] [2020-01-25T17:31:34.425Z] <<< HTTP RESPONSE 200
[info] ✔  functions: all necessary APIs are enabled
[debug] [2020-01-25T17:31:34.426Z] >>> HTTP REQUEST GET https://firebase.googleapis.com/v1beta1/projects/venturesome-f6c40/adminSdkConfig  
 
[debug] [2020-01-25T17:31:34.793Z] <<< HTTP RESPONSE 200
[info] i  functions: preparing functions directory for uploading...
[debug] [2020-01-25T17:31:34.797Z] >>> HTTP REQUEST GET https://runtimeconfig.googleapis.com/v1beta1/projects/venturesome-f6c40/configs  
 
[debug] [2020-01-25T17:31:35.115Z] <<< HTTP RESPONSE 200
[debug] [2020-01-25T17:31:35.116Z] >>> HTTP REQUEST GET https://runtimeconfig.googleapis.com/v1beta1/projects/venturesome-f6c40/configs/sendgrid/variables  
 
[debug] [2020-01-25T17:31:35.522Z] <<< HTTP RESPONSE 200
[debug] [2020-01-25T17:31:35.524Z] >>> HTTP REQUEST GET https://runtimeconfig.googleapis.com/v1beta1/projects/venturesome-f6c40/configs/sendgrid/variables/key  
 
[debug] [2020-01-25T17:31:35.525Z] >>> HTTP REQUEST GET https://runtimeconfig.googleapis.com/v1beta1/projects/venturesome-f6c40/configs/sendgrid/variables/template  
 
[debug] [2020-01-25T17:31:36.038Z] <<< HTTP RESPONSE 200
[debug] [2020-01-25T17:31:36.040Z] <<< HTTP RESPONSE 200
[info] i  functions: packaged functions (59.49 KB) for uploading
[debug] [2020-01-25T17:31:37.276Z] >>> HTTP REQUEST POST https://cloudfunctions.googleapis.com/v1/projects/venturesome-f6c40/locations/us-central1/functions:generateUploadUrl  
 
[debug] [2020-01-25T17:31:38.081Z] <<< HTTP RESPONSE 200
[debug] [2020-01-25T17:31:38.082Z] >>> HTTP REQUEST PUT https://storage.googleapis.com/gcf-upload-us-central1-32935ac4-7b05-47e0-a70e-fd7f750e9334/8ccc9748-364a-4509-a5a6-9b18320e8206.zip?GoogleAccessId=service-863960571681@gcf-admin-robot.iam.gserviceaccount.com&Expires=1579975297&Signature=DX%2BhKthb8P3h08NtkgO6HcyBbgUiLxbkc5Hdl95oMlkLJkacDYLEvfmg7bjCVHWWytztGZzv2O0hysI2nlPnPGcrvyJ6phHz5wH3Df4fDFx0d%2Ft66x%2F6wTHXWvcgNQl7tfL0SCQyPl9clN1nENctc3V2l2BvAsLVMRkgQ6ljOht%2F7EDV7XpselbQynT5pZKlU%2BgteZc0dBBUg6R7LphEXbQX%2FXMwbEls6vpUlZeIkIWeMD53GHARQOPRwYj2ZPjrje5dlI9WA3RnIO0YTPSs3I%2Bd6FQ26Yg7s19wo31djCyEz7aWIWdOHcA2QlYPynPC7vUURHuXpTa3bfeB3aNIzg%3D%3D  
 <request body omitted>
[debug] [2020-01-25T17:31:38.384Z] <<< HTTP RESPONSE 200
[info] ✔  functions: functions folder uploaded successfully
[debug] [2020-01-25T17:31:38.389Z] >>> HTTP REQUEST GET https://cloudfunctions.googleapis.com/v1/projects/venturesome-f6c40/locations/-/functions  
 
[debug] [2020-01-25T17:31:38.800Z] <<< HTTP RESPONSE 200
[info] i  functions: updating Node.js 8 function getClientIdTypeForm(us-central1)...
[debug] [2020-01-25T17:31:38.802Z] Trigger is:  {"httpsTrigger":{}}
[info] i  functions: updating Node.js 8 function fetchForms(us-central1)...
[debug] [2020-01-25T17:31:38.803Z] Trigger is:  {"httpsTrigger":{}}
[info] i  functions: updating Node.js 8 function onClientSigned(us-central1)...
[debug] [2020-01-25T17:31:38.803Z] Trigger is:  {"httpsTrigger":{}}
[debug] [2020-01-25T17:31:38.804Z] >>> HTTP REQUEST GET https://serviceusage.googleapis.com/v1/projects/venturesome-f6c40/services/cloudscheduler.googleapis.com  
 
[debug] [2020-01-25T17:31:39.210Z] <<< HTTP RESPONSE 200
[debug] [2020-01-25T17:31:39.212Z] >>> HTTP REQUEST PATCH https://cloudfunctions.googleapis.com/v1/projects/venturesome-f6c40/locations/us-central1/functions/getClientIdTypeForm {"updateMask":"sourceUploadUrl,name,labels,runtime,httpsTrigger"} 

[debug] [2020-01-25T17:31:39.213Z] >>> HTTP REQUEST PATCH https://cloudfunctions.googleapis.com/v1/projects/venturesome-f6c40/locations/us-central1/functions/fetchForms {"updateMask":"sourceUploadUrl,name,labels,runtime,httpsTrigger"} 

[debug] [2020-01-25T17:31:39.213Z] >>> HTTP REQUEST PATCH https://cloudfunctions.googleapis.com/v1/projects/venturesome-f6c40/locations/us-central1/functions/onClientSigned {"updateMask":"sourceUploadUrl,name,labels,runtime,httpsTrigger"} 

[debug] [2020-01-25T17:31:39.824Z] <<< HTTP RESPONSE 200
[debug] [2020-01-25T17:31:39.826Z] <<< HTTP RESPONSE 200
[debug] [2020-01-25T17:31:39.827Z] <<< HTTP RESPONSE 200
[debug] [2020-01-25T17:31:39.829Z] >>> HTTP REQUEST GET https://cloudfunctions.googleapis.com/v1/projects/venturesome-f6c40/locations/-/functions  
 
[debug] [2020-01-25T17:31:40.235Z] <<< HTTP RESPONSE 200
[debug] [2020-01-25T17:31:40.237Z] >>> HTTP REQUEST GET https://cloudfunctions.googleapis.com/v1/operations/dmVudHVyZXNvbWUtZjZjNDAvdXMtY2VudHJhbDEvZ2V0Q2xpZW50SWRUeXBlRm9ybS9WNnF1Qy1UUk5ocw  
 
[debug] [2020-01-25T17:31:40.237Z] >>> HTTP REQUEST GET https://cloudfunctions.googleapis.com/v1/operations/dmVudHVyZXNvbWUtZjZjNDAvdXMtY2VudHJhbDEvZmV0Y2hGb3Jtcy94YzlGRmxscU0yOA  
 
[debug] [2020-01-25T17:31:40.238Z] >>> HTTP REQUEST GET https://cloudfunctions.googleapis.com/v1/operations/dmVudHVyZXNvbWUtZjZjNDAvdXMtY2VudHJhbDEvb25DbGllbnRTaWduZWQvZHNld0ZSSzZMUVk  
 
[debug] [2020-01-25T17:31:40.440Z] <<< HTTP RESPONSE 200
[debug] [2020-01-25T17:31:40.441Z] <<< HTTP RESPONSE 200
[debug] [2020-01-25T17:31:40.442Z] <<< HTTP RESPONSE 200
[debug] [2020-01-25T17:31:42.441Z] >>> HTTP REQUEST GET https://cloudfunctions.googleapis.com/v1/operations/dmVudHVyZXNvbWUtZjZjNDAvdXMtY2VudHJhbDEvZ2V0Q2xpZW50SWRUeXBlRm9ybS9WNnF1Qy1UUk5ocw  
 
[debug] [2020-01-25T17:31:42.445Z] >>> HTTP REQUEST GET https://cloudfunctions.googleapis.com/v1/operations/dmVudHVyZXNvbWUtZjZjNDAvdXMtY2VudHJhbDEvZmV0Y2hGb3Jtcy94YzlGRmxscU0yOA  
 
[debug] [2020-01-25T17:31:42.445Z] >>> HTTP REQUEST GET https://cloudfunctions.googleapis.com/v1/operations/dmVudHVyZXNvbWUtZjZjNDAvdXMtY2VudHJhbDEvb25DbGllbnRTaWduZWQvZHNld0ZSSzZMUVk  
 
[debug] [2020-01-25T17:31:42.626Z] <<< HTTP RESPONSE 200
[debug] [2020-01-25T17:31:42.648Z] <<< HTTP RESPONSE 200
[debug] [2020-01-25T17:31:42.659Z] <<< HTTP RESPONSE 200
[debug] [2020-01-25T17:31:44.627Z] >>> HTTP REQUEST GET https://cloudfunctions.googleapis.com/v1/operations/dmVudHVyZXNvbWUtZjZjNDAvdXMtY2VudHJhbDEvZ2V0Q2xpZW50SWRUeXBlRm9ybS9WNnF1Qy1UUk5ocw  
 
[debug] [2020-01-25T17:31:44.650Z] >>> HTTP REQUEST GET https://cloudfunctions.googleapis.com/v1/operations/dmVudHVyZXNvbWUtZjZjNDAvdXMtY2VudHJhbDEvZmV0Y2hGb3Jtcy94YzlGRmxscU0yOA  
 
[debug] [2020-01-25T17:31:44.660Z] >>> HTTP REQUEST GET https://cloudfunctions.googleapis.com/v1/operations/dmVudHVyZXNvbWUtZjZjNDAvdXMtY2VudHJhbDEvb25DbGllbnRTaWduZWQvZHNld0ZSSzZMUVk  
 
[debug] [2020-01-25T17:31:44.851Z] <<< HTTP RESPONSE 200
[debug] [2020-01-25T17:31:44.853Z] <<< HTTP RESPONSE 200
[debug] [2020-01-25T17:31:44.862Z] <<< HTTP RESPONSE 200
[debug] [2020-01-25T17:31:46.851Z] >>> HTTP REQUEST GET https://cloudfunctions.googleapis.com/v1/operations/dmVudHVyZXNvbWUtZjZjNDAvdXMtY2VudHJhbDEvZ2V0Q2xpZW50SWRUeXBlRm9ybS9WNnF1Qy1UUk5ocw  
 
[debug] [2020-01-25T17:31:46.854Z] >>> HTTP REQUEST GET https://cloudfunctions.googleapis.com/v1/operations/dmVudHVyZXNvbWUtZjZjNDAvdXMtY2VudHJhbDEvZmV0Y2hGb3Jtcy94YzlGRmxscU0yOA  
 
[debug] [2020-01-25T17:31:46.864Z] >>> HTTP REQUEST GET https://cloudfunctions.googleapis.com/v1/operations/dmVudHVyZXNvbWUtZjZjNDAvdXMtY2VudHJhbDEvb25DbGllbnRTaWduZWQvZHNld0ZSSzZMUVk  
 
[debug] [2020-01-25T17:31:46.982Z] <<< HTTP RESPONSE 200
[debug] [2020-01-25T17:31:47.032Z] <<< HTTP RESPONSE 200
[debug] [2020-01-25T17:31:47.112Z] <<< HTTP RESPONSE 200
[debug] [2020-01-25T17:31:48.988Z] >>> HTTP REQUEST GET https://cloudfunctions.googleapis.com/v1/operations/dmVudHVyZXNvbWUtZjZjNDAvdXMtY2VudHJhbDEvZmV0Y2hGb3Jtcy94YzlGRmxscU0yOA  
 
[debug] [2020-01-25T17:31:49.033Z] >>> HTTP REQUEST GET https://cloudfunctions.googleapis.com/v1/operations/dmVudHVyZXNvbWUtZjZjNDAvdXMtY2VudHJhbDEvZ2V0Q2xpZW50SWRUeXBlRm9ybS9WNnF1Qy1UUk5ocw  
 
[debug] [2020-01-25T17:31:49.118Z] >>> HTTP REQUEST GET https://cloudfunctions.googleapis.com/v1/operations/dmVudHVyZXNvbWUtZjZjNDAvdXMtY2VudHJhbDEvb25DbGllbnRTaWduZWQvZHNld0ZSSzZMUVk  
 
[debug] [2020-01-25T17:31:49.193Z] <<< HTTP RESPONSE 200
[debug] [2020-01-25T17:31:49.248Z] <<< HTTP RESPONSE 200
[debug] [2020-01-25T17:31:49.301Z] <<< HTTP RESPONSE 200
[debug] [2020-01-25T17:31:51.196Z] >>> HTTP REQUEST GET https://cloudfunctions.googleapis.com/v1/operations/dmVudHVyZXNvbWUtZjZjNDAvdXMtY2VudHJhbDEvZmV0Y2hGb3Jtcy94YzlGRmxscU0yOA  
 
[debug] [2020-01-25T17:31:51.249Z] >>> HTTP REQUEST GET https://cloudfunctions.googleapis.com/v1/operations/dmVudHVyZXNvbWUtZjZjNDAvdXMtY2VudHJhbDEvZ2V0Q2xpZW50SWRUeXBlRm9ybS9WNnF1Qy1UUk5ocw  
 
[debug] [2020-01-25T17:31:51.302Z] >>> HTTP REQUEST GET https://cloudfunctions.googleapis.com/v1/operations/dmVudHVyZXNvbWUtZjZjNDAvdXMtY2VudHJhbDEvb25DbGllbnRTaWduZWQvZHNld0ZSSzZMUVk  
 
[debug] [2020-01-25T17:31:51.403Z] <<< HTTP RESPONSE 200
[debug] [2020-01-25T17:31:51.433Z] <<< HTTP RESPONSE 200
[debug] [2020-01-25T17:31:51.511Z] <<< HTTP RESPONSE 200
[debug] [2020-01-25T17:31:53.406Z] >>> HTTP REQUEST GET https://cloudfunctions.googleapis.com/v1/operations/dmVudHVyZXNvbWUtZjZjNDAvdXMtY2VudHJhbDEvZmV0Y2hGb3Jtcy94YzlGRmxscU0yOA  
 
[debug] [2020-01-25T17:31:53.439Z] >>> HTTP REQUEST GET https://cloudfunctions.googleapis.com/v1/operations/dmVudHVyZXNvbWUtZjZjNDAvdXMtY2VudHJhbDEvZ2V0Q2xpZW50SWRUeXBlRm9ybS9WNnF1Qy1UUk5ocw  
 
[debug] [2020-01-25T17:31:53.515Z] >>> HTTP REQUEST GET https://cloudfunctions.googleapis.com/v1/operations/dmVudHVyZXNvbWUtZjZjNDAvdXMtY2VudHJhbDEvb25DbGllbnRTaWduZWQvZHNld0ZSSzZMUVk  
 
[debug] [2020-01-25T17:31:53.635Z] <<< HTTP RESPONSE 200
[debug] [2020-01-25T17:31:53.649Z] <<< HTTP RESPONSE 200
[debug] [2020-01-25T17:31:53.723Z] <<< HTTP RESPONSE 200
[debug] [2020-01-25T17:31:55.639Z] >>> HTTP REQUEST GET https://cloudfunctions.googleapis.com/v1/operations/dmVudHVyZXNvbWUtZjZjNDAvdXMtY2VudHJhbDEvZmV0Y2hGb3Jtcy94YzlGRmxscU0yOA  
 
[debug] [2020-01-25T17:31:55.650Z] >>> HTTP REQUEST GET https://cloudfunctions.googleapis.com/v1/operations/dmVudHVyZXNvbWUtZjZjNDAvdXMtY2VudHJhbDEvZ2V0Q2xpZW50SWRUeXBlRm9ybS9WNnF1Qy1UUk5ocw  
 
[debug] [2020-01-25T17:31:55.724Z] >>> HTTP REQUEST GET https://cloudfunctions.googleapis.com/v1/operations/dmVudHVyZXNvbWUtZjZjNDAvdXMtY2VudHJhbDEvb25DbGllbnRTaWduZWQvZHNld0ZSSzZMUVk  
 
[debug] [2020-01-25T17:31:55.828Z] <<< HTTP RESPONSE 200
[debug] [2020-01-25T17:31:55.845Z] <<< HTTP RESPONSE 200
[debug] [2020-01-25T17:31:55.937Z] <<< HTTP RESPONSE 200
[debug] [2020-01-25T17:31:57.828Z] >>> HTTP REQUEST GET https://cloudfunctions.googleapis.com/v1/operations/dmVudHVyZXNvbWUtZjZjNDAvdXMtY2VudHJhbDEvZmV0Y2hGb3Jtcy94YzlGRmxscU0yOA  
 
[debug] [2020-01-25T17:31:57.846Z] >>> HTTP REQUEST GET https://cloudfunctions.googleapis.com/v1/operations/dmVudHVyZXNvbWUtZjZjNDAvdXMtY2VudHJhbDEvZ2V0Q2xpZW50SWRUeXBlRm9ybS9WNnF1Qy1UUk5ocw  
 
[debug] [2020-01-25T17:31:57.939Z] >>> HTTP REQUEST GET https://cloudfunctions.googleapis.com/v1/operations/dmVudHVyZXNvbWUtZjZjNDAvdXMtY2VudHJhbDEvb25DbGllbnRTaWduZWQvZHNld0ZSSzZMUVk  
 
[debug] [2020-01-25T17:31:58.034Z] <<< HTTP RESPONSE 200
[debug] [2020-01-25T17:31:58.036Z] <<< HTTP RESPONSE 200
[debug] [2020-01-25T17:31:58.113Z] <<< HTTP RESPONSE 200
[debug] [2020-01-25T17:32:00.039Z] >>> HTTP REQUEST GET https://cloudfunctions.googleapis.com/v1/operations/dmVudHVyZXNvbWUtZjZjNDAvdXMtY2VudHJhbDEvZmV0Y2hGb3Jtcy94YzlGRmxscU0yOA  
 
[debug] [2020-01-25T17:32:00.040Z] >>> HTTP REQUEST GET https://cloudfunctions.googleapis.com/v1/operations/dmVudHVyZXNvbWUtZjZjNDAvdXMtY2VudHJhbDEvZ2V0Q2xpZW50SWRUeXBlRm9ybS9WNnF1Qy1UUk5ocw  
 
[debug] [2020-01-25T17:32:00.114Z] >>> HTTP REQUEST GET https://cloudfunctions.googleapis.com/v1/operations/dmVudHVyZXNvbWUtZjZjNDAvdXMtY2VudHJhbDEvb25DbGllbnRTaWduZWQvZHNld0ZSSzZMUVk  
 
[debug] [2020-01-25T17:32:00.236Z] <<< HTTP RESPONSE 200
[debug] [2020-01-25T17:32:00.248Z] <<< HTTP RESPONSE 200
[debug] [2020-01-25T17:32:00.308Z] <<< HTTP RESPONSE 200
[debug] [2020-01-25T17:32:02.241Z] >>> HTTP REQUEST GET https://cloudfunctions.googleapis.com/v1/operations/dmVudHVyZXNvbWUtZjZjNDAvdXMtY2VudHJhbDEvZ2V0Q2xpZW50SWRUeXBlRm9ybS9WNnF1Qy1UUk5ocw  
 
[debug] [2020-01-25T17:32:02.250Z] >>> HTTP REQUEST GET https://cloudfunctions.googleapis.com/v1/operations/dmVudHVyZXNvbWUtZjZjNDAvdXMtY2VudHJhbDEvZmV0Y2hGb3Jtcy94YzlGRmxscU0yOA  
 
[debug] [2020-01-25T17:32:02.312Z] >>> HTTP REQUEST GET https://cloudfunctions.googleapis.com/v1/operations/dmVudHVyZXNvbWUtZjZjNDAvdXMtY2VudHJhbDEvb25DbGllbnRTaWduZWQvZHNld0ZSSzZMUVk  
 
[debug] [2020-01-25T17:32:02.415Z] <<< HTTP RESPONSE 200
[debug] [2020-01-25T17:32:02.430Z] <<< HTTP RESPONSE 200
[debug] [2020-01-25T17:32:02.456Z] <<< HTTP RESPONSE 200
